<?xml version="1.0" encoding="UTF-8"?>
<!-- Generated by org.testng.reporters.JUnitReportReporter -->
<testsuite hostname="LIN51011861" failures="0" tests="3" name="cucumber.Options.TestNgTestRunner" time="3.046" errors="0" timestamp="2022-12-16T21:28:04 IST" skipped="0">
  <testcase classname="cucumber.Options.TestNgTestRunner" name="runScenario" time="2.822"/>
  <system-out/>
  <testcase classname="cucumber.Options.TestNgTestRunner" name="runScenario" time="0.117"/>
  <system-out/>
  <testcase classname="cucumber.Options.TestNgTestRunner" name="runScenario" time="0.107"/>
  <system-out/>
</testsuite> <!-- cucumber.Options.TestNgTestRunner -->
