<?xml version="1.0" encoding="UTF-8"?>
<!-- Generated by org.testng.reporters.JUnitReportReporter -->
<testsuite hostname="LIN51011861" failures="0" tests="1" name="cucumber.options.TestRunner" time="0.147" errors="0" timestamp="2022-12-15T17:35:31 IST" skipped="0">
  <testcase classname="cucumber.options.TestRunner" name="runScenario" time="0.147"/>
  <system-out/>
</testsuite> <!-- cucumber.options.TestRunner -->
