<?xml version="1.0" encoding="UTF-8"?>
<!-- Generated by org.testng.reporters.JUnitReportReporter -->
<testsuite hostname="LIN51011861" failures="0" tests="3" name="TestRunner.TestNgTestRunner" time="3.441" errors="0" timestamp="2022-12-16T21:31:20 IST" skipped="0">
  <testcase classname="TestRunner.TestNgTestRunner" name="runScenario" time="0.117"/>
  <system-out/>
  <testcase classname="TestRunner.TestNgTestRunner" name="runScenario" time="3.209"/>
  <system-out/>
  <testcase classname="TestRunner.TestNgTestRunner" name="runScenario" time="0.115"/>
  <system-out/>
</testsuite> <!-- TestRunner.TestNgTestRunner -->
