<?xml version="1.0" encoding="UTF-8"?>
<!-- Generated by org.testng.reporters.JUnitReportReporter -->
<testsuite hostname="LIN51011861" failures="0" tests="3" name="cucumber.Options.TestNgTestRunner" time="3.344" errors="0" timestamp="2022-12-16T21:26:42 IST" skipped="0">
  <testcase classname="cucumber.Options.TestNgTestRunner" name="runScenario" time="3.104"/>
  <system-out/>
  <testcase classname="cucumber.Options.TestNgTestRunner" name="runScenario" time="0.138"/>
  <system-out/>
  <testcase classname="cucumber.Options.TestNgTestRunner" name="runScenario" time="0.102"/>
  <system-out/>
</testsuite> <!-- cucumber.Options.TestNgTestRunner -->
