<?xml version="1.0" encoding="UTF-8"?>
<!-- Generated by org.testng.reporters.JUnitReportReporter -->
<testsuite hostname="LIN51011861" failures="0" tests="3" name="TestRunner.TestNgTestRunner" time="5.981" errors="0" timestamp="2022-12-17T14:30:27 IST" skipped="0">
  <testcase classname="TestRunner.TestNgTestRunner" name="runScenario" time="0.172"/>
  <system-out/>
  <testcase classname="TestRunner.TestNgTestRunner" name="runScenario" time="0.142"/>
  <system-out/>
  <testcase classname="TestRunner.TestNgTestRunner" name="runScenario" time="5.667"/>
  <system-out/>
</testsuite> <!-- TestRunner.TestNgTestRunner -->
